<?xml version="1.0" encoding="UTF-8"?>
<!-- Generated by org.testng.reporters.JUnitReportReporter -->
<testsuite hostname="LAPTOP-3OOOK5AL" failures="0" tests="1" name="ABB.ABBTest1" time="5.877" errors="0" timestamp="2023-03-07T22:45:26 IST" skipped="0">
  <testcase classname="ABB.ABBTest1" name="tc1" time="5.877"/>
  <system-out/>
</testsuite> <!-- ABB.ABBTest1 -->
